{"/Users/Tess/alchemy/career-track/week-03/travel-manager-lab/lib/app.js": {"path":"/Users/Tess/alchemy/career-track/week-03/travel-manager-lab/lib/app.js","statementMap":{"0":{"start":{"line":1,"column":16},"end":{"line":1,"column":34}},"1":{"start":{"line":2,"column":12},"end":{"line":2,"column":21}},"2":{"start":{"line":4,"column":0},"end":{"line":4,"column":24}},"3":{"start":{"line":6,"column":0},"end":{"line":6,"column":58}},"4":{"start":{"line":8,"column":0},"end":{"line":8,"column":78}},"5":{"start":{"line":10,"column":0},"end":{"line":10,"column":43}},"6":{"start":{"line":11,"column":0},"end":{"line":11,"column":39}},"7":{"start":{"line":13,"column":0},"end":{"line":13,"column":21}}},"fnMap":{},"branchMap":{},"s":{"0":2,"1":2,"2":2,"3":2,"4":2,"5":2,"6":2,"7":2},"f":{},"b":{},"_coverageSchema":"43e27e138ebf9cfc5966b082cf9a028302ed4184","hash":"6320cd2e2d6d889a5bf36c4297862eb15490b078"}
,"/Users/Tess/alchemy/career-track/week-03/travel-manager-lab/lib/middleware/error.js": {"path":"/Users/Tess/alchemy/career-track/week-03/travel-manager-lab/lib/middleware/error.js","statementMap":{"0":{"start":{"line":1,"column":17},"end":{"line":1,"column":36}},"1":{"start":{"line":4,"column":0},"end":{"line":20,"column":2}},"2":{"start":{"line":5,"column":15},"end":{"line":5,"column":32}},"3":{"start":{"line":7,"column":2},"end":{"line":10,"column":3}},"4":{"start":{"line":9,"column":4},"end":{"line":9,"column":17}},"5":{"start":{"line":12,"column":2},"end":{"line":12,"column":21}},"6":{"start":{"line":14,"column":2},"end":{"line":14,"column":19}},"7":{"start":{"line":16,"column":2},"end":{"line":19,"column":5}}},"fnMap":{"0":{"name":"(anonymous_0)","decl":{"start":{"line":4,"column":17},"end":{"line":4,"column":18}},"loc":{"start":{"line":4,"column":42},"end":{"line":20,"column":1}},"line":4}},"branchMap":{"0":{"loc":{"start":{"line":5,"column":15},"end":{"line":5,"column":32}},"type":"binary-expr","locations":[{"start":{"line":5,"column":15},"end":{"line":5,"column":25}},{"start":{"line":5,"column":29},"end":{"line":5,"column":32}}],"line":5},"1":{"loc":{"start":{"line":7,"column":2},"end":{"line":10,"column":3}},"type":"if","locations":[{"start":{"line":7,"column":2},"end":{"line":10,"column":3}},{"start":{"line":7,"column":2},"end":{"line":10,"column":3}}],"line":7},"2":{"loc":{"start":{"line":7,"column":5},"end":{"line":8,"column":43}},"type":"binary-expr","locations":[{"start":{"line":7,"column":5},"end":{"line":7,"column":50}},{"start":{"line":8,"column":4},"end":{"line":8,"column":43}}],"line":7}},"s":{"0":2,"1":2,"2":0,"3":0,"4":0,"5":0,"6":0,"7":0},"f":{"0":0},"b":{"0":[0,0],"1":[0,0],"2":[0,0]},"_coverageSchema":"43e27e138ebf9cfc5966b082cf9a028302ed4184","hash":"0cd8f7084ed69f7a6fc6071637f214e8e87f2ffa"}
,"/Users/Tess/alchemy/career-track/week-03/travel-manager-lab/lib/middleware/fetch-woeid.js": {"path":"/Users/Tess/alchemy/career-track/week-03/travel-manager-lab/lib/middleware/fetch-woeid.js","statementMap":{"0":{"start":{"line":1,"column":21},"end":{"line":1,"column":49}},"1":{"start":{"line":3,"column":0},"end":{"line":17,"column":2}},"2":{"start":{"line":4,"column":19},"end":{"line":4,"column":36}},"3":{"start":{"line":5,"column":2},"end":{"line":16,"column":3}},"4":{"start":{"line":6,"column":4},"end":{"line":11,"column":9}},"5":{"start":{"line":9,"column":8},"end":{"line":9,"column":26}},"6":{"start":{"line":10,"column":8},"end":{"line":10,"column":15}},"7":{"start":{"line":14,"column":4},"end":{"line":14,"column":21}},"8":{"start":{"line":15,"column":4},"end":{"line":15,"column":14}}},"fnMap":{"0":{"name":"(anonymous_0)","decl":{"start":{"line":3,"column":17},"end":{"line":3,"column":18}},"loc":{"start":{"line":3,"column":37},"end":{"line":17,"column":1}},"line":3},"1":{"name":"(anonymous_1)","decl":{"start":{"line":7,"column":12},"end":{"line":7,"column":13}},"loc":{"start":{"line":7,"column":21},"end":{"line":11,"column":7}},"line":7}},"branchMap":{},"s":{"0":2,"1":2,"2":1,"3":1,"4":1,"5":1,"6":1,"7":0,"8":0},"f":{"0":1,"1":1},"b":{},"_coverageSchema":"43e27e138ebf9cfc5966b082cf9a028302ed4184","hash":"aea0f3ef2218eae44721ad2945cdd466dcdb4ea2"}
,"/Users/Tess/alchemy/career-track/week-03/travel-manager-lab/lib/middleware/not-found.js": {"path":"/Users/Tess/alchemy/career-track/week-03/travel-manager-lab/lib/middleware/not-found.js","statementMap":{"0":{"start":{"line":1,"column":0},"end":{"line":5,"column":2}},"1":{"start":{"line":2,"column":14},"end":{"line":2,"column":36}},"2":{"start":{"line":3,"column":2},"end":{"line":3,"column":19}},"3":{"start":{"line":4,"column":2},"end":{"line":4,"column":12}}},"fnMap":{"0":{"name":"(anonymous_0)","decl":{"start":{"line":1,"column":17},"end":{"line":1,"column":18}},"loc":{"start":{"line":1,"column":37},"end":{"line":5,"column":1}},"line":1}},"branchMap":{},"s":{"0":2,"1":0,"2":0,"3":0},"f":{"0":0},"b":{},"_coverageSchema":"43e27e138ebf9cfc5966b082cf9a028302ed4184","hash":"d159cd0237f0efb91fc8475709fbb752fb28258b"}
,"/Users/Tess/alchemy/career-track/week-03/travel-manager-lab/lib/models/ItineraryItem.js": {"path":"/Users/Tess/alchemy/career-track/week-03/travel-manager-lab/lib/models/ItineraryItem.js","statementMap":{"0":{"start":{"line":1,"column":17},"end":{"line":1,"column":36}},"1":{"start":{"line":2,"column":19},"end":{"line":2,"column":49}},"2":{"start":{"line":4,"column":15},"end":{"line":27,"column":2}},"3":{"start":{"line":30,"column":0},"end":{"line":33,"column":2}},"4":{"start":{"line":31,"column":27},"end":{"line":31,"column":37}},"5":{"start":{"line":32,"column":2},"end":{"line":32,"column":44}},"6":{"start":{"line":35,"column":0},"end":{"line":35,"column":57}}},"fnMap":{"0":{"name":"(anonymous_0)","decl":{"start":{"line":30,"column":33},"end":{"line":30,"column":34}},"loc":{"start":{"line":30,"column":50},"end":{"line":33,"column":1}},"line":30}},"branchMap":{},"s":{"0":3,"1":3,"2":3,"3":3,"4":0,"5":0,"6":3},"f":{"0":0},"b":{},"_coverageSchema":"43e27e138ebf9cfc5966b082cf9a028302ed4184","hash":"b206fc64dea00b362e605324d54769b0fdad14a2"}
,"/Users/Tess/alchemy/career-track/week-03/travel-manager-lab/lib/models/Trip.js": {"path":"/Users/Tess/alchemy/career-track/week-03/travel-manager-lab/lib/models/Trip.js","statementMap":{"0":{"start":{"line":1,"column":17},"end":{"line":1,"column":36}},"1":{"start":{"line":4,"column":15},"end":{"line":17,"column":2}},"2":{"start":{"line":19,"column":0},"end":{"line":23,"column":3}},"3":{"start":{"line":25,"column":0},"end":{"line":25,"column":48}}},"fnMap":{},"branchMap":{},"s":{"0":3,"1":3,"2":3,"3":3},"f":{},"b":{},"_coverageSchema":"43e27e138ebf9cfc5966b082cf9a028302ed4184","hash":"5fb309159e04cee8af1a846fe89d3a76c6d28a35"}
,"/Users/Tess/alchemy/career-track/week-03/travel-manager-lab/lib/routes/itinerary-items-routes.js": {"path":"/Users/Tess/alchemy/career-track/week-03/travel-manager-lab/lib/routes/itinerary-items-routes.js","statementMap":{"0":{"start":{"line":1,"column":19},"end":{"line":1,"column":37}},"1":{"start":{"line":3,"column":22},"end":{"line":3,"column":56}},"2":{"start":{"line":6,"column":21},"end":{"line":6,"column":57}},"3":{"start":{"line":8,"column":0},"end":{"line":19,"column":5}},"4":{"start":{"line":10,"column":4},"end":{"line":12,"column":36}},"5":{"start":{"line":12,"column":20},"end":{"line":12,"column":34}},"6":{"start":{"line":16,"column":4},"end":{"line":18,"column":38}},"7":{"start":{"line":18,"column":22},"end":{"line":18,"column":36}}},"fnMap":{"0":{"name":"(anonymous_0)","decl":{"start":{"line":9,"column":27},"end":{"line":9,"column":28}},"loc":{"start":{"line":9,"column":41},"end":{"line":13,"column":3}},"line":9},"1":{"name":"(anonymous_1)","decl":{"start":{"line":12,"column":12},"end":{"line":12,"column":13}},"loc":{"start":{"line":12,"column":20},"end":{"line":12,"column":34}},"line":12},"2":{"name":"(anonymous_2)","decl":{"start":{"line":15,"column":18},"end":{"line":15,"column":19}},"loc":{"start":{"line":15,"column":32},"end":{"line":19,"column":3}},"line":15},"3":{"name":"(anonymous_3)","decl":{"start":{"line":18,"column":12},"end":{"line":18,"column":13}},"loc":{"start":{"line":18,"column":22},"end":{"line":18,"column":36}},"line":18}},"branchMap":{},"s":{"0":2,"1":2,"2":2,"3":2,"4":1,"5":1,"6":1,"7":1},"f":{"0":1,"1":1,"2":1,"3":1},"b":{},"_coverageSchema":"43e27e138ebf9cfc5966b082cf9a028302ed4184","hash":"1ef23e1746e7265083a944638952a83ae1d7b140"}
,"/Users/Tess/alchemy/career-track/week-03/travel-manager-lab/lib/routes/trip-routes.js": {"path":"/Users/Tess/alchemy/career-track/week-03/travel-manager-lab/lib/routes/trip-routes.js","statementMap":{"0":{"start":{"line":1,"column":19},"end":{"line":1,"column":37}},"1":{"start":{"line":2,"column":13},"end":{"line":2,"column":38}},"2":{"start":{"line":3,"column":22},"end":{"line":3,"column":56}},"3":{"start":{"line":5,"column":0},"end":{"line":43,"column":5}},"4":{"start":{"line":7,"column":4},"end":{"line":9,"column":36}},"5":{"start":{"line":9,"column":20},"end":{"line":9,"column":34}},"6":{"start":{"line":13,"column":4},"end":{"line":16,"column":38}},"7":{"start":{"line":16,"column":21},"end":{"line":16,"column":36}},"8":{"start":{"line":20,"column":4},"end":{"line":28,"column":83}},"9":{"start":{"line":24,"column":8},"end":{"line":28,"column":81}},"10":{"start":{"line":26,"column":23},"end":{"line":26,"column":45}},"11":{"start":{"line":27,"column":28},"end":{"line":27,"column":90}},"12":{"start":{"line":27,"column":55},"end":{"line":27,"column":88}},"13":{"start":{"line":28,"column":34},"end":{"line":28,"column":80}},"14":{"start":{"line":32,"column":4},"end":{"line":34,"column":36}},"15":{"start":{"line":34,"column":20},"end":{"line":34,"column":34}},"16":{"start":{"line":38,"column":4},"end":{"line":42,"column":40}},"17":{"start":{"line":42,"column":24},"end":{"line":42,"column":38}}},"fnMap":{"0":{"name":"(anonymous_0)","decl":{"start":{"line":6,"column":13},"end":{"line":6,"column":14}},"loc":{"start":{"line":6,"column":27},"end":{"line":10,"column":3}},"line":6},"1":{"name":"(anonymous_1)","decl":{"start":{"line":9,"column":12},"end":{"line":9,"column":13}},"loc":{"start":{"line":9,"column":20},"end":{"line":9,"column":34}},"line":9},"2":{"name":"(anonymous_2)","decl":{"start":{"line":12,"column":12},"end":{"line":12,"column":13}},"loc":{"start":{"line":12,"column":26},"end":{"line":17,"column":3}},"line":12},"3":{"name":"(anonymous_3)","decl":{"start":{"line":16,"column":12},"end":{"line":16,"column":13}},"loc":{"start":{"line":16,"column":21},"end":{"line":16,"column":36}},"line":16},"4":{"name":"(anonymous_4)","decl":{"start":{"line":19,"column":15},"end":{"line":19,"column":16}},"loc":{"start":{"line":19,"column":29},"end":{"line":29,"column":3}},"line":19},"5":{"name":"(anonymous_5)","decl":{"start":{"line":23,"column":12},"end":{"line":23,"column":13}},"loc":{"start":{"line":24,"column":8},"end":{"line":28,"column":81}},"line":24},"6":{"name":"(anonymous_6)","decl":{"start":{"line":26,"column":15},"end":{"line":26,"column":16}},"loc":{"start":{"line":26,"column":23},"end":{"line":26,"column":45}},"line":26},"7":{"name":"(anonymous_7)","decl":{"start":{"line":27,"column":16},"end":{"line":27,"column":17}},"loc":{"start":{"line":27,"column":28},"end":{"line":27,"column":90}},"line":27},"8":{"name":"(anonymous_8)","decl":{"start":{"line":27,"column":41},"end":{"line":27,"column":42}},"loc":{"start":{"line":27,"column":55},"end":{"line":27,"column":88}},"line":27},"9":{"name":"(anonymous_9)","decl":{"start":{"line":28,"column":16},"end":{"line":28,"column":17}},"loc":{"start":{"line":28,"column":34},"end":{"line":28,"column":80}},"line":28},"10":{"name":"(anonymous_10)","decl":{"start":{"line":31,"column":17},"end":{"line":31,"column":18}},"loc":{"start":{"line":31,"column":31},"end":{"line":35,"column":3}},"line":31},"11":{"name":"(anonymous_11)","decl":{"start":{"line":34,"column":12},"end":{"line":34,"column":13}},"loc":{"start":{"line":34,"column":20},"end":{"line":34,"column":34}},"line":34},"12":{"name":"(anonymous_12)","decl":{"start":{"line":37,"column":18},"end":{"line":37,"column":19}},"loc":{"start":{"line":37,"column":32},"end":{"line":43,"column":3}},"line":37},"13":{"name":"(anonymous_13)","decl":{"start":{"line":42,"column":12},"end":{"line":42,"column":13}},"loc":{"start":{"line":42,"column":24},"end":{"line":42,"column":38}},"line":42}},"branchMap":{},"s":{"0":2,"1":2,"2":2,"3":2,"4":1,"5":1,"6":1,"7":1,"8":2,"9":2,"10":0,"11":2,"12":0,"13":2,"14":0,"15":0,"16":1,"17":1},"f":{"0":1,"1":1,"2":1,"3":1,"4":2,"5":2,"6":0,"7":2,"8":0,"9":2,"10":0,"11":0,"12":1,"13":1},"b":{},"_coverageSchema":"43e27e138ebf9cfc5966b082cf9a028302ed4184","hash":"835fb9272e2d921368cf9d0a104d2921ae6f55c0"}
,"/Users/Tess/alchemy/career-track/week-03/travel-manager-lab/lib/services/weather.js": {"path":"/Users/Tess/alchemy/career-track/week-03/travel-manager-lab/lib/services/weather.js","statementMap":{"0":{"start":{"line":1,"column":19},"end":{"line":1,"column":40}},"1":{"start":{"line":3,"column":19},"end":{"line":10,"column":1}},"2":{"start":{"line":4,"column":2},"end":{"line":9,"column":7}},"3":{"start":{"line":7,"column":22},"end":{"line":7,"column":68}},"4":{"start":{"line":8,"column":6},"end":{"line":8,"column":21}},"5":{"start":{"line":12,"column":0},"end":{"line":14,"column":2}}},"fnMap":{"0":{"name":"(anonymous_0)","decl":{"start":{"line":3,"column":19},"end":{"line":3,"column":20}},"loc":{"start":{"line":3,"column":41},"end":{"line":10,"column":1}},"line":3},"1":{"name":"(anonymous_1)","decl":{"start":{"line":6,"column":10},"end":{"line":6,"column":11}},"loc":{"start":{"line":6,"column":17},"end":{"line":9,"column":5}},"line":6}},"branchMap":{},"s":{"0":3,"1":3,"2":0,"3":0,"4":0,"5":3},"f":{"0":0,"1":0},"b":{},"_coverageSchema":"43e27e138ebf9cfc5966b082cf9a028302ed4184","hash":"8ad846f3a07341605e46a2810a6d6f5d53cdd626"}
,"/Users/Tess/alchemy/career-track/week-03/travel-manager-lab/lib/services/woeid.js": {"path":"/Users/Tess/alchemy/career-track/week-03/travel-manager-lab/lib/services/woeid.js","statementMap":{"0":{"start":{"line":1,"column":19},"end":{"line":1,"column":40}},"1":{"start":{"line":3,"column":17},"end":{"line":11,"column":1}},"2":{"start":{"line":4,"column":2},"end":{"line":10,"column":7}},"3":{"start":{"line":8,"column":26},"end":{"line":8,"column":34}},"4":{"start":{"line":9,"column":6},"end":{"line":9,"column":19}},"5":{"start":{"line":13,"column":0},"end":{"line":15,"column":2}}},"fnMap":{"0":{"name":"(anonymous_0)","decl":{"start":{"line":3,"column":17},"end":{"line":3,"column":18}},"loc":{"start":{"line":3,"column":31},"end":{"line":11,"column":1}},"line":3},"1":{"name":"(anonymous_1)","decl":{"start":{"line":7,"column":10},"end":{"line":7,"column":11}},"loc":{"start":{"line":7,"column":17},"end":{"line":10,"column":5}},"line":7}},"branchMap":{},"s":{"0":2,"1":2,"2":1,"3":1,"4":1,"5":2},"f":{"0":1,"1":1},"b":{},"_coverageSchema":"43e27e138ebf9cfc5966b082cf9a028302ed4184","hash":"0019a5cb8a9218c96c08c8cc58831702d30edee1"}
,"/Users/Tess/alchemy/career-track/week-03/travel-manager-lab/lib/utils/connect.js": {"path":"/Users/Tess/alchemy/career-track/week-03/travel-manager-lab/lib/utils/connect.js","statementMap":{"0":{"start":{"line":1,"column":17},"end":{"line":1,"column":36}},"1":{"start":{"line":2,"column":18},"end":{"line":2,"column":32}},"2":{"start":{"line":4,"column":0},"end":{"line":24,"column":2}},"3":{"start":{"line":5,"column":2},"end":{"line":9,"column":5}},"4":{"start":{"line":11,"column":2},"end":{"line":15,"column":5}},"5":{"start":{"line":12,"column":22},"end":{"line":12,"column":32}},"6":{"start":{"line":13,"column":24},"end":{"line":13,"column":109}},"7":{"start":{"line":14,"column":4},"end":{"line":14,"column":58}},"8":{"start":{"line":17,"column":2},"end":{"line":19,"column":5}},"9":{"start":{"line":18,"column":4},"end":{"line":18,"column":45}},"10":{"start":{"line":21,"column":2},"end":{"line":23,"column":5}},"11":{"start":{"line":22,"column":4},"end":{"line":22,"column":47}}},"fnMap":{"0":{"name":"(anonymous_0)","decl":{"start":{"line":4,"column":17},"end":{"line":4,"column":18}},"loc":{"start":{"line":4,"column":52},"end":{"line":24,"column":1}},"line":4},"1":{"name":"(anonymous_1)","decl":{"start":{"line":11,"column":38},"end":{"line":11,"column":39}},"loc":{"start":{"line":11,"column":44},"end":{"line":15,"column":3}},"line":11},"2":{"name":"(anonymous_2)","decl":{"start":{"line":17,"column":41},"end":{"line":17,"column":42}},"loc":{"start":{"line":17,"column":47},"end":{"line":19,"column":3}},"line":17},"3":{"name":"(anonymous_3)","decl":{"start":{"line":21,"column":34},"end":{"line":21,"column":35}},"loc":{"start":{"line":21,"column":40},"end":{"line":23,"column":3}},"line":21}},"branchMap":{"0":{"loc":{"start":{"line":4,"column":18},"end":{"line":4,"column":47}},"type":"default-arg","locations":[{"start":{"line":4,"column":24},"end":{"line":4,"column":47}}],"line":4}},"s":{"0":2,"1":2,"2":2,"3":2,"4":2,"5":2,"6":2,"7":2,"8":2,"9":2,"10":2,"11":0},"f":{"0":2,"1":2,"2":2,"3":0},"b":{"0":[2]},"_coverageSchema":"43e27e138ebf9cfc5966b082cf9a028302ed4184","hash":"2c89ab9ff73d7509d047cfacca4c452198ff918c"}
}
