{"/Users/Tess/alchemy/career-track/week-03/travel-manager-lab/lib/models/ItineraryItem.js": {"path":"/Users/Tess/alchemy/career-track/week-03/travel-manager-lab/lib/models/ItineraryItem.js","statementMap":{"0":{"start":{"line":1,"column":17},"end":{"line":1,"column":36}},"1":{"start":{"line":3,"column":15},"end":{"line":17,"column":2}},"2":{"start":{"line":19,"column":0},"end":{"line":19,"column":57}}},"fnMap":{},"branchMap":{},"s":{"0":1,"1":1,"2":1},"f":{},"b":{},"_coverageSchema":"43e27e138ebf9cfc5966b082cf9a028302ed4184","hash":"01f6b82eec0b727bb0dda32f547aefaab6a9cbed"}
,"/Users/Tess/alchemy/career-track/week-03/travel-manager-lab/lib/models/Trip.js": {"path":"/Users/Tess/alchemy/career-track/week-03/travel-manager-lab/lib/models/Trip.js","statementMap":{"0":{"start":{"line":1,"column":17},"end":{"line":1,"column":36}},"1":{"start":{"line":4,"column":15},"end":{"line":17,"column":2}},"2":{"start":{"line":19,"column":0},"end":{"line":23,"column":3}},"3":{"start":{"line":25,"column":0},"end":{"line":25,"column":48}}},"fnMap":{},"branchMap":{},"s":{"0":1,"1":1,"2":1,"3":1},"f":{},"b":{},"_coverageSchema":"43e27e138ebf9cfc5966b082cf9a028302ed4184","hash":"5fb309159e04cee8af1a846fe89d3a76c6d28a35"}
}
